2025-10-24 15:34:04.631 INFO  c.k.katalon.core.main.TestSuiteExecutor  - START Test Suites/sort csv
2025-10-24 15:34:04.878 INFO  c.k.katalon.core.main.TestSuiteExecutor  - userFullName = Baby Grooot
2025-10-24 15:34:04.883 INFO  c.k.katalon.core.main.TestSuiteExecutor  - projectName = katalon-web-auto
2025-10-24 15:34:04.886 INFO  c.k.katalon.core.main.TestSuiteExecutor  - hostName = belajar - DESKTOP-SPLIHBS
2025-10-24 15:34:04.887 INFO  c.k.katalon.core.main.TestSuiteExecutor  - os = Windows 10 64bit
2025-10-24 15:34:04.890 INFO  c.k.katalon.core.main.TestSuiteExecutor  - hostAddress = 192.168.0.108
2025-10-24 15:34:04.893 INFO  c.k.katalon.core.main.TestSuiteExecutor  - katalonVersion = 10.3.1.0
2025-10-24 15:34:06.094 INFO  c.k.katalon.core.main.TestCaseExecutor   - --------------------
2025-10-24 15:34:06.094 INFO  c.k.katalon.core.main.TestCaseExecutor   - START Test Cases/saucedemo/TC02-sort product
2025-10-24 15:34:06.227 INFO  c.k.katalon.core.main.TestCaseExecutor   - sortType = az
2025-10-24 15:34:06.229 INFO  c.k.katalon.core.main.TestCaseExecutor   - expected = Sauce Labs Backpack
2025-10-24 15:34:07.305 DEBUG testcase.TC02-sort product               - 1: callTestCase(findTestCase("saucedemo/login"), [:], STOP_ON_FAILURE)
2025-10-24 15:34:07.624 INFO  c.k.katalon.core.main.TestCaseExecutor   - --------------------
2025-10-24 15:34:07.625 INFO  c.k.katalon.core.main.TestCaseExecutor   - CALL Test Cases/saucedemo/login
2025-10-24 15:34:07.840 DEBUG testcase.login                           - 1: openBrowser("")
2025-10-24 15:34:08.350 INFO  c.k.k.core.webui.driver.DriverFactory    - Starting 'Firefox' driver
2025-10-24 15:34:08.641 INFO  c.k.k.core.webui.driver.DriverFactory    - Action delay is set to 0 milliseconds
2025-10-24 15:34:16.968 INFO  c.k.k.core.webui.driver.DriverFactory    - sessionId = 67509b7f-4366-41ca-be6f-d3b130508676
2025-10-24 15:34:16.971 INFO  c.k.k.core.webui.driver.DriverFactory    - browser = Firefox 144.0
2025-10-24 15:34:16.973 INFO  c.k.k.core.webui.driver.DriverFactory    - platform = Windows 10
2025-10-24 15:34:16.974 INFO  c.k.k.core.webui.driver.DriverFactory    - seleniumVersion = 4.28.1
2025-10-24 15:34:16.992 INFO  c.k.k.core.webui.driver.DriverFactory    - proxyInformation = ProxyInformation { proxyOption=NO_PROXY, proxyServerType=HTTP, username=, password=********, proxyServerAddress=, proxyServerPort=0, executionList="", isApplyToDesiredCapabilities=true }
2025-10-24 15:34:17.125 DEBUG testcase.login                           - 2: navigateToUrl("https://www.saucedemo.com/")
2025-10-24 15:34:21.050 DEBUG testcase.login                           - 3: verifyElementPresent(findTestObject("Object Login Page/usernameField"), 1)
2025-10-24 15:34:21.594 DEBUG testcase.login                           - 4: setText(findTestObject("Object Login Page/usernameField"), "standard_user")
2025-10-24 15:34:22.664 DEBUG testcase.login                           - 5: verifyElementPresent(findTestObject("Object Login Page/passwordField"), 1)
2025-10-24 15:34:22.962 DEBUG testcase.login                           - 6: setText(findTestObject("Object Login Page/passwordField"), "secret_sauce")
2025-10-24 15:34:23.654 DEBUG testcase.login                           - 7: verifyElementPresent(findTestObject("Object Login Page/loginBtn"), 1)
2025-10-24 15:34:23.911 DEBUG testcase.login                           - 8: click(findTestObject("Object Login Page/loginBtn"))
2025-10-24 15:34:24.486 DEBUG testcase.login                           - 9: delay(5)
2025-10-24 15:34:29.546 DEBUG testcase.login                           - 10: verifyElementText(findTestObject("Object Product Page/textProducts"), "Products")
2025-10-24 15:34:29.876 INFO  c.k.katalon.core.main.TestCaseExecutor   - END CALL Test Cases/saucedemo/login
2025-10-24 15:34:29.876 INFO  c.k.katalon.core.main.TestCaseExecutor   - --------------------
2025-10-24 15:34:29.891 DEBUG testcase.TC02-sort product               - 2: selectOptionByValue(findTestObject("Object Product Page/dropdownSort"), sortType, false)
2025-10-24 15:34:30.580 DEBUG testcase.TC02-sort product               - 3: firstProduct = getText(findTestObject("Object Product Page/firstProductName"))
2025-10-24 15:34:30.908 DEBUG testcase.TC02-sort product               - 4: if (sortType == "az")
2025-10-24 15:34:30.913 DEBUG testcase.TC02-sort product               - 1: verifyMatch(firstProduct, "Sauce Labs Backpack", false)
2025-10-24 15:34:30.935 DEBUG testcase.TC02-sort product               - 9: closeBrowser()
2025-10-24 15:34:32.662 INFO  c.k.katalon.core.main.TestCaseExecutor   - END Test Cases/saucedemo/TC02-sort product
2025-10-24 15:34:32.720 INFO  c.k.katalon.core.main.TestCaseExecutor   - --------------------
2025-10-24 15:34:32.720 INFO  c.k.katalon.core.main.TestCaseExecutor   - START Test Cases/saucedemo/TC02-sort product
2025-10-24 15:34:32.771 INFO  c.k.katalon.core.main.TestCaseExecutor   - sortType = za
2025-10-24 15:34:32.772 INFO  c.k.katalon.core.main.TestCaseExecutor   - expected = Test.allTheThings() T-Shirt (Red)
2025-10-24 15:34:32.776 DEBUG testcase.TC02-sort product               - 1: callTestCase(findTestCase("saucedemo/login"), [:], STOP_ON_FAILURE)
2025-10-24 15:34:32.846 INFO  c.k.katalon.core.main.TestCaseExecutor   - --------------------
2025-10-24 15:34:32.846 INFO  c.k.katalon.core.main.TestCaseExecutor   - CALL Test Cases/saucedemo/login
2025-10-24 15:34:32.894 DEBUG testcase.login                           - 1: openBrowser("")
2025-10-24 15:34:32.900 INFO  c.k.k.core.webui.driver.DriverFactory    - Starting 'Firefox' driver
2025-10-24 15:34:32.913 INFO  c.k.k.core.webui.driver.DriverFactory    - Action delay is set to 0 milliseconds
2025-10-24 15:34:38.683 INFO  c.k.k.core.webui.driver.DriverFactory    - sessionId = aad46677-5418-4564-a850-a29441add6d0
2025-10-24 15:34:38.686 INFO  c.k.k.core.webui.driver.DriverFactory    - browser = Firefox 144.0
2025-10-24 15:34:38.688 INFO  c.k.k.core.webui.driver.DriverFactory    - platform = Windows 10
2025-10-24 15:34:38.692 INFO  c.k.k.core.webui.driver.DriverFactory    - seleniumVersion = 4.28.1
2025-10-24 15:34:38.701 INFO  c.k.k.core.webui.driver.DriverFactory    - proxyInformation = ProxyInformation { proxyOption=NO_PROXY, proxyServerType=HTTP, username=, password=********, proxyServerAddress=, proxyServerPort=0, executionList="", isApplyToDesiredCapabilities=true }
2025-10-24 15:34:38.935 DEBUG testcase.login                           - 2: navigateToUrl("https://www.saucedemo.com/")
2025-10-24 15:34:40.837 DEBUG testcase.login                           - 3: verifyElementPresent(findTestObject("Object Login Page/usernameField"), 1)
2025-10-24 15:34:42.239 DEBUG testcase.login                           - 4: setText(findTestObject("Object Login Page/usernameField"), "standard_user")
2025-10-24 15:34:42.981 DEBUG testcase.login                           - 5: verifyElementPresent(findTestObject("Object Login Page/passwordField"), 1)
2025-10-24 15:34:43.256 DEBUG testcase.login                           - 6: setText(findTestObject("Object Login Page/passwordField"), "secret_sauce")
2025-10-24 15:34:43.871 DEBUG testcase.login                           - 7: verifyElementPresent(findTestObject("Object Login Page/loginBtn"), 1)
2025-10-24 15:34:44.122 DEBUG testcase.login                           - 8: click(findTestObject("Object Login Page/loginBtn"))
2025-10-24 15:34:44.663 DEBUG testcase.login                           - 9: delay(5)
2025-10-24 15:34:49.670 DEBUG testcase.login                           - 10: verifyElementText(findTestObject("Object Product Page/textProducts"), "Products")
2025-10-24 15:34:49.977 INFO  c.k.katalon.core.main.TestCaseExecutor   - END CALL Test Cases/saucedemo/login
2025-10-24 15:34:49.978 INFO  c.k.katalon.core.main.TestCaseExecutor   - --------------------
2025-10-24 15:34:49.980 DEBUG testcase.TC02-sort product               - 2: selectOptionByValue(findTestObject("Object Product Page/dropdownSort"), sortType, false)
2025-10-24 15:34:50.688 DEBUG testcase.TC02-sort product               - 3: firstProduct = getText(findTestObject("Object Product Page/firstProductName"))
2025-10-24 15:34:51.084 DEBUG testcase.TC02-sort product               - 4: if (sortType == "az")
2025-10-24 15:34:51.088 DEBUG testcase.TC02-sort product               - 5: else if (sortType == "za")
2025-10-24 15:34:51.090 DEBUG testcase.TC02-sort product               - 1: verifyMatch(firstProduct, "Test.allTheThings() T-Shirt (Red)", false)
2025-10-24 15:34:51.096 DEBUG testcase.TC02-sort product               - 9: closeBrowser()
2025-10-24 15:34:52.753 INFO  c.k.katalon.core.main.TestCaseExecutor   - END Test Cases/saucedemo/TC02-sort product
2025-10-24 15:34:52.814 INFO  c.k.katalon.core.main.TestCaseExecutor   - --------------------
2025-10-24 15:34:52.814 INFO  c.k.katalon.core.main.TestCaseExecutor   - START Test Cases/saucedemo/TC02-sort product
2025-10-24 15:34:52.843 INFO  c.k.katalon.core.main.TestCaseExecutor   - sortType = lohi
2025-10-24 15:34:52.844 INFO  c.k.katalon.core.main.TestCaseExecutor   - expected = Sauce Labs Onesie
2025-10-24 15:34:52.847 DEBUG testcase.TC02-sort product               - 1: callTestCase(findTestCase("saucedemo/login"), [:], STOP_ON_FAILURE)
2025-10-24 15:34:52.918 INFO  c.k.katalon.core.main.TestCaseExecutor   - --------------------
2025-10-24 15:34:52.919 INFO  c.k.katalon.core.main.TestCaseExecutor   - CALL Test Cases/saucedemo/login
2025-10-24 15:34:52.943 DEBUG testcase.login                           - 1: openBrowser("")
2025-10-24 15:34:52.949 INFO  c.k.k.core.webui.driver.DriverFactory    - Starting 'Firefox' driver
2025-10-24 15:34:52.961 INFO  c.k.k.core.webui.driver.DriverFactory    - Action delay is set to 0 milliseconds
2025-10-24 15:34:58.561 INFO  c.k.k.core.webui.driver.DriverFactory    - sessionId = 8008cd6b-91e8-4384-a04e-b486a0f2cec6
2025-10-24 15:34:58.563 INFO  c.k.k.core.webui.driver.DriverFactory    - browser = Firefox 144.0
2025-10-24 15:34:58.564 INFO  c.k.k.core.webui.driver.DriverFactory    - platform = Windows 10
2025-10-24 15:34:58.567 INFO  c.k.k.core.webui.driver.DriverFactory    - seleniumVersion = 4.28.1
2025-10-24 15:34:58.615 INFO  c.k.k.core.webui.driver.DriverFactory    - proxyInformation = ProxyInformation { proxyOption=NO_PROXY, proxyServerType=HTTP, username=, password=********, proxyServerAddress=, proxyServerPort=0, executionList="", isApplyToDesiredCapabilities=true }
2025-10-24 15:34:58.709 DEBUG testcase.login                           - 2: navigateToUrl("https://www.saucedemo.com/")
2025-10-24 15:35:00.218 DEBUG testcase.login                           - 3: verifyElementPresent(findTestObject("Object Login Page/usernameField"), 1)
2025-10-24 15:35:01.596 DEBUG testcase.login                           - 4: setText(findTestObject("Object Login Page/usernameField"), "standard_user")
2025-10-24 15:35:02.320 DEBUG testcase.login                           - 5: verifyElementPresent(findTestObject("Object Login Page/passwordField"), 1)
2025-10-24 15:35:02.572 DEBUG testcase.login                           - 6: setText(findTestObject("Object Login Page/passwordField"), "secret_sauce")
2025-10-24 15:35:03.187 DEBUG testcase.login                           - 7: verifyElementPresent(findTestObject("Object Login Page/loginBtn"), 1)
2025-10-24 15:35:03.451 DEBUG testcase.login                           - 8: click(findTestObject("Object Login Page/loginBtn"))
2025-10-24 15:35:03.970 DEBUG testcase.login                           - 9: delay(5)
2025-10-24 15:35:08.984 DEBUG testcase.login                           - 10: verifyElementText(findTestObject("Object Product Page/textProducts"), "Products")
2025-10-24 15:35:09.253 INFO  c.k.katalon.core.main.TestCaseExecutor   - END CALL Test Cases/saucedemo/login
2025-10-24 15:35:09.253 INFO  c.k.katalon.core.main.TestCaseExecutor   - --------------------
2025-10-24 15:35:09.255 DEBUG testcase.TC02-sort product               - 2: selectOptionByValue(findTestObject("Object Product Page/dropdownSort"), sortType, false)
2025-10-24 15:35:09.915 DEBUG testcase.TC02-sort product               - 3: firstProduct = getText(findTestObject("Object Product Page/firstProductName"))
2025-10-24 15:35:10.312 DEBUG testcase.TC02-sort product               - 4: if (sortType == "az")
2025-10-24 15:35:10.316 DEBUG testcase.TC02-sort product               - 5: else if (sortType == "za")
2025-10-24 15:35:10.318 DEBUG testcase.TC02-sort product               - 6: else if (sortType == "lohi")
2025-10-24 15:35:10.321 DEBUG testcase.TC02-sort product               - 1: verifyMatch(firstProduct, "Sauce Labs Onesie", false)
2025-10-24 15:35:10.327 DEBUG testcase.TC02-sort product               - 9: closeBrowser()
2025-10-24 15:35:11.967 INFO  c.k.katalon.core.main.TestCaseExecutor   - END Test Cases/saucedemo/TC02-sort product
2025-10-24 15:35:12.016 INFO  c.k.katalon.core.main.TestCaseExecutor   - --------------------
2025-10-24 15:35:12.017 INFO  c.k.katalon.core.main.TestCaseExecutor   - START Test Cases/saucedemo/TC02-sort product
2025-10-24 15:35:12.041 INFO  c.k.katalon.core.main.TestCaseExecutor   - sortType = hilo
2025-10-24 15:35:12.042 INFO  c.k.katalon.core.main.TestCaseExecutor   - expected = Sauce Labs Fleece Jacket
2025-10-24 15:35:12.044 DEBUG testcase.TC02-sort product               - 1: callTestCase(findTestCase("saucedemo/login"), [:], STOP_ON_FAILURE)
2025-10-24 15:35:12.112 INFO  c.k.katalon.core.main.TestCaseExecutor   - --------------------
2025-10-24 15:35:12.112 INFO  c.k.katalon.core.main.TestCaseExecutor   - CALL Test Cases/saucedemo/login
2025-10-24 15:35:12.138 DEBUG testcase.login                           - 1: openBrowser("")
2025-10-24 15:35:12.142 INFO  c.k.k.core.webui.driver.DriverFactory    - Starting 'Firefox' driver
2025-10-24 15:35:12.152 INFO  c.k.k.core.webui.driver.DriverFactory    - Action delay is set to 0 milliseconds
2025-10-24 15:35:17.483 INFO  c.k.k.core.webui.driver.DriverFactory    - sessionId = 63ec08bc-e06f-46ee-9ec2-eee6490488a4
2025-10-24 15:35:17.484 INFO  c.k.k.core.webui.driver.DriverFactory    - browser = Firefox 144.0
2025-10-24 15:35:17.486 INFO  c.k.k.core.webui.driver.DriverFactory    - platform = Windows 10
2025-10-24 15:35:17.487 INFO  c.k.k.core.webui.driver.DriverFactory    - seleniumVersion = 4.28.1
2025-10-24 15:35:17.489 INFO  c.k.k.core.webui.driver.DriverFactory    - proxyInformation = ProxyInformation { proxyOption=NO_PROXY, proxyServerType=HTTP, username=, password=********, proxyServerAddress=, proxyServerPort=0, executionList="", isApplyToDesiredCapabilities=true }
2025-10-24 15:35:17.726 DEBUG testcase.login                           - 2: navigateToUrl("https://www.saucedemo.com/")
2025-10-24 15:35:19.265 DEBUG testcase.login                           - 3: verifyElementPresent(findTestObject("Object Login Page/usernameField"), 1)
2025-10-24 15:35:20.682 DEBUG testcase.login                           - 4: setText(findTestObject("Object Login Page/usernameField"), "standard_user")
2025-10-24 15:35:21.389 DEBUG testcase.login                           - 5: verifyElementPresent(findTestObject("Object Login Page/passwordField"), 1)
2025-10-24 15:35:21.652 DEBUG testcase.login                           - 6: setText(findTestObject("Object Login Page/passwordField"), "secret_sauce")
2025-10-24 15:35:22.299 DEBUG testcase.login                           - 7: verifyElementPresent(findTestObject("Object Login Page/loginBtn"), 1)
2025-10-24 15:35:22.573 DEBUG testcase.login                           - 8: click(findTestObject("Object Login Page/loginBtn"))
2025-10-24 15:35:23.075 DEBUG testcase.login                           - 9: delay(5)
2025-10-24 15:35:28.089 DEBUG testcase.login                           - 10: verifyElementText(findTestObject("Object Product Page/textProducts"), "Products")
2025-10-24 15:35:28.378 INFO  c.k.katalon.core.main.TestCaseExecutor   - END CALL Test Cases/saucedemo/login
2025-10-24 15:35:28.378 INFO  c.k.katalon.core.main.TestCaseExecutor   - --------------------
2025-10-24 15:35:28.379 DEBUG testcase.TC02-sort product               - 2: selectOptionByValue(findTestObject("Object Product Page/dropdownSort"), sortType, false)
2025-10-24 15:35:29.047 DEBUG testcase.TC02-sort product               - 3: firstProduct = getText(findTestObject("Object Product Page/firstProductName"))
2025-10-24 15:35:29.431 DEBUG testcase.TC02-sort product               - 4: if (sortType == "az")
2025-10-24 15:35:29.434 DEBUG testcase.TC02-sort product               - 5: else if (sortType == "za")
2025-10-24 15:35:29.437 DEBUG testcase.TC02-sort product               - 6: else if (sortType == "lohi")
2025-10-24 15:35:29.440 DEBUG testcase.TC02-sort product               - 7: else if (sortType == "hilo")
2025-10-24 15:35:29.444 DEBUG testcase.TC02-sort product               - 1: verifyMatch(firstProduct, "Sauce Labs Fleece Jacket", false)
2025-10-24 15:35:29.449 DEBUG testcase.TC02-sort product               - 9: closeBrowser()
2025-10-24 15:35:31.532 INFO  c.k.katalon.core.main.TestCaseExecutor   - END Test Cases/saucedemo/TC02-sort product
2025-10-24 15:35:31.604 INFO  c.k.katalon.core.main.TestSuiteExecutor  - --------------------
2025-10-24 15:35:31.605 INFO  c.k.katalon.core.main.TestSuiteExecutor  - END Test Suites/sort csv
2025-10-24 15:35:31.605 INFO  c.k.katalon.core.main.TestSuiteExecutor  - ====================
