2025-10-24 15:29:18.013 INFO  c.k.katalon.core.main.TestSuiteExecutor  - START Test Suites/checkout
2025-10-24 15:29:18.293 INFO  c.k.katalon.core.main.TestSuiteExecutor  - userFullName = Baby Grooot
2025-10-24 15:29:18.313 INFO  c.k.katalon.core.main.TestSuiteExecutor  - projectName = katalon-web-auto
2025-10-24 15:29:18.320 INFO  c.k.katalon.core.main.TestSuiteExecutor  - hostName = belajar - DESKTOP-SPLIHBS
2025-10-24 15:29:18.328 INFO  c.k.katalon.core.main.TestSuiteExecutor  - os = Windows 10 64bit
2025-10-24 15:29:18.336 INFO  c.k.katalon.core.main.TestSuiteExecutor  - hostAddress = 192.168.0.108
2025-10-24 15:29:18.340 INFO  c.k.katalon.core.main.TestSuiteExecutor  - katalonVersion = 10.3.1.0
2025-10-24 15:29:19.720 INFO  c.k.katalon.core.main.TestCaseExecutor   - --------------------
2025-10-24 15:29:19.721 INFO  c.k.katalon.core.main.TestCaseExecutor   - START Test Cases/saucedemo/TC03-checkout
2025-10-24 15:29:21.036 DEBUG testcase.TC03-checkout                   - 1: callTestCase(findTestCase("saucedemo/login"), [:], STOP_ON_FAILURE)
2025-10-24 15:29:21.423 INFO  c.k.katalon.core.main.TestCaseExecutor   - --------------------
2025-10-24 15:29:21.424 INFO  c.k.katalon.core.main.TestCaseExecutor   - CALL Test Cases/saucedemo/login
2025-10-24 15:29:21.689 DEBUG testcase.login                           - 1: openBrowser("")
2025-10-24 15:29:22.305 INFO  c.k.k.core.webui.driver.DriverFactory    - Starting 'Firefox' driver
2025-10-24 15:29:22.653 INFO  c.k.k.core.webui.driver.DriverFactory    - Action delay is set to 0 milliseconds
2025-10-24 15:29:31.819 INFO  c.k.k.core.webui.driver.DriverFactory    - sessionId = 55d7af5a-079c-4b27-8a15-97925bc8d0e8
2025-10-24 15:29:31.822 INFO  c.k.k.core.webui.driver.DriverFactory    - browser = Firefox 144.0
2025-10-24 15:29:31.824 INFO  c.k.k.core.webui.driver.DriverFactory    - platform = Windows 10
2025-10-24 15:29:31.825 INFO  c.k.k.core.webui.driver.DriverFactory    - seleniumVersion = 4.28.1
2025-10-24 15:29:31.846 INFO  c.k.k.core.webui.driver.DriverFactory    - proxyInformation = ProxyInformation { proxyOption=NO_PROXY, proxyServerType=HTTP, username=, password=********, proxyServerAddress=, proxyServerPort=0, executionList="", isApplyToDesiredCapabilities=true }
2025-10-24 15:29:32.011 DEBUG testcase.login                           - 2: navigateToUrl("https://www.saucedemo.com/")
2025-10-24 15:29:35.238 DEBUG testcase.login                           - 3: verifyElementPresent(findTestObject("Object Login Page/usernameField"), 1)
2025-10-24 15:29:36.417 DEBUG testcase.login                           - 4: setText(findTestObject("Object Login Page/usernameField"), "standard_user")
2025-10-24 15:29:37.356 DEBUG testcase.login                           - 5: verifyElementPresent(findTestObject("Object Login Page/passwordField"), 1)
2025-10-24 15:29:37.651 DEBUG testcase.login                           - 6: setText(findTestObject("Object Login Page/passwordField"), "secret_sauce")
2025-10-24 15:29:38.378 DEBUG testcase.login                           - 7: verifyElementPresent(findTestObject("Object Login Page/loginBtn"), 1)
2025-10-24 15:29:38.672 DEBUG testcase.login                           - 8: click(findTestObject("Object Login Page/loginBtn"))
2025-10-24 15:29:39.260 DEBUG testcase.login                           - 9: delay(5)
2025-10-24 15:29:44.310 DEBUG testcase.login                           - 10: verifyElementText(findTestObject("Object Product Page/textProducts"), "Products")
2025-10-24 15:29:44.688 INFO  c.k.katalon.core.main.TestCaseExecutor   - END CALL Test Cases/saucedemo/login
2025-10-24 15:29:44.689 INFO  c.k.katalon.core.main.TestCaseExecutor   - --------------------
2025-10-24 15:29:44.714 DEBUG testcase.TC03-checkout                   - 2: selectOptionByValue(findTestObject("Object Product Page/dropdownSort"), "hilo", false)
2025-10-24 15:29:45.554 DEBUG testcase.TC03-checkout                   - 3: click(findTestObject("Object Product Page/addToCart4"))
2025-10-24 15:29:46.061 DEBUG testcase.TC03-checkout                   - 4: click(findTestObject("Object Product Page/addToCart3"))
2025-10-24 15:29:47.433 DEBUG testcase.TC03-checkout                   - 5: click(findTestObject("Object Product Page/addToCart2"))
2025-10-24 15:29:47.918 DEBUG testcase.TC03-checkout                   - 6: click(findTestObject("Object Product Page/cartIcon"))
2025-10-24 15:29:48.458 DEBUG testcase.TC03-checkout                   - 7: verifyElementText(findTestObject("Object Cart Page/textYourCart"), "Your Cart")
2025-10-24 15:29:48.890 DEBUG testcase.TC03-checkout                   - 8: click(findTestObject("Object Cart Page/removeProduct", ["index":2]))
2025-10-24 15:29:49.334 DEBUG testcase.TC03-checkout                   - 9: click(findTestObject("Object Cart Page/chekoutBtn"))
2025-10-24 15:29:49.777 DEBUG testcase.TC03-checkout                   - 10: verifyElementText(findTestObject("Object Cart Page/textChekoutInform"), "Checkout: Your Information")
2025-10-24 15:29:50.200 DEBUG testcase.TC03-checkout                   - 11: verifyElementPresent(findTestObject("Object Cart Page/firstnameField"), 1)
2025-10-24 15:29:50.485 DEBUG testcase.TC03-checkout                   - 12: setText(findTestObject("Object Cart Page/firstnameField"), "Baby")
2025-10-24 15:29:51.176 DEBUG testcase.TC03-checkout                   - 13: verifyElementPresent(findTestObject("Object Cart Page/lastnameField"), 1)
2025-10-24 15:29:51.694 DEBUG testcase.TC03-checkout                   - 14: setText(findTestObject("Object Cart Page/lastnameField"), "Groot")
2025-10-24 15:29:52.422 DEBUG testcase.TC03-checkout                   - 15: verifyElementPresent(findTestObject("Object Cart Page/postalCodeField"), 1)
2025-10-24 15:29:52.912 DEBUG testcase.TC03-checkout                   - 16: setText(findTestObject("Object Cart Page/postalCodeField"), "25586")
2025-10-24 15:29:53.637 DEBUG testcase.TC03-checkout                   - 17: click(findTestObject("Object Cart Page/continueBtn"))
2025-10-24 15:29:54.309 DEBUG testcase.TC03-checkout                   - 18: verifyElementText(findTestObject("Object Cart Page/textChekcoutOverview"), "Checkout: Overview")
2025-10-24 15:29:54.742 DEBUG testcase.TC03-checkout                   - 19: click(findTestObject("Object Cart Page/finishBtn"))
2025-10-24 15:29:55.204 DEBUG testcase.TC03-checkout                   - 20: verifyElementText(findTestObject("Object Cart Page/textChekcoutComplete"), "Checkout: Complete!")
2025-10-24 15:29:55.603 DEBUG testcase.TC03-checkout                   - 21: click(findTestObject("Object Cart Page/backHomebtn"))
2025-10-24 15:29:56.037 DEBUG testcase.TC03-checkout                   - 22: verifyElementPresent(findTestObject("Object Product Page/menuBtn"), 1)
2025-10-24 15:29:56.436 DEBUG testcase.TC03-checkout                   - 23: click(findTestObject("Object Product Page/menuBtn"))
2025-10-24 15:29:56.833 DEBUG testcase.TC03-checkout                   - 24: verifyElementPresent(findTestObject("Object Product Page/logoutBtn"), 1)
2025-10-24 15:29:57.103 DEBUG testcase.TC03-checkout                   - 25: click(findTestObject("Object Product Page/logoutBtn"))
2025-10-24 15:29:57.549 DEBUG testcase.TC03-checkout                   - 26: verifyElementPresent(findTestObject("Object Login Page/loginBtn"), 1)
2025-10-24 15:29:57.939 DEBUG testcase.TC03-checkout                   - 27: closeBrowser()
2025-10-24 15:29:59.790 INFO  c.k.katalon.core.main.TestCaseExecutor   - END Test Cases/saucedemo/TC03-checkout
2025-10-24 15:29:59.880 INFO  c.k.katalon.core.main.TestSuiteExecutor  - --------------------
2025-10-24 15:29:59.888 INFO  c.k.katalon.core.main.TestSuiteExecutor  - END Test Suites/checkout
2025-10-24 15:29:59.889 INFO  c.k.katalon.core.main.TestSuiteExecutor  - ====================
